{"meta": {"format": 3, "version": "7.6.12", "timestamp": "2025-03-03T23:54:33.797116", "branch_coverage": false, "show_contexts": false}, "files": {"core_system/orchestrator/agent_manager.py": {"executed_lines": [2, 9, 10, 11, 12, 13, 15, 16, 18, 20, 21, 23, 24, 25, 26, 27, 28, 30, 32, 33, 34, 35, 37, 39, 40, 41, 42, 43, 45, 47, 52, 54, 56, 57, 59, 60, 62, 64, 65, 67, 68, 70, 72, 82, 84, 85, 87, 88, 97, 99, 100, 102, 109, 110, 111, 113, 115, 116, 117, 119, 120, 122, 128, 130, 131, 132, 134, 136, 137, 138, 139, 141, 143, 144, 145, 146, 147, 149, 151, 156, 158, 160, 161, 162, 163, 168, 170, 171, 172, 173, 174, 175, 177, 184, 198, 207, 214, 218, 223, 225, 226, 227, 228], "summary": {"covered_lines": 99, "num_statements": 132, "percent_covered": 75.0, "percent_covered_display": "75", "missing_lines": 33, "excluded_lines": 5}, "missing_lines": [49, 50, 118, 124, 153, 154, 164, 165, 166, 179, 180, 181, 182, 186, 187, 189, 190, 191, 193, 194, 195, 196, 200, 201, 203, 204, 205, 209, 210, 212, 216, 220, 221], "excluded_lines": [47, 51, 126, 151, 155], "functions": {"AgentManager.__init__": {"executed_lines": [24, 25, 26, 27, 28], "summary": {"covered_lines": 5, "num_statements": 5, "percent_covered": 100.0, "percent_covered_display": "100", "missing_lines": 0, "excluded_lines": 0}, "missing_lines": [], "excluded_lines": []}, "AgentManager.start": {"executed_lines": [32, 33, 34, 35], "summary": {"covered_lines": 4, "num_statements": 4, "percent_covered": 100.0, "percent_covered_display": "100", "missing_lines": 0, "excluded_lines": 0}, "missing_lines": [], "excluded_lines": []}, "AgentManager.stop": {"executed_lines": [39, 40, 41, 42, 43, 45, 47, 52], "summary": {"covered_lines": 7, "num_statements": 9, "percent_covered": 77.77777777777777, "percent_covered_display": "78", "missing_lines": 2, "excluded_lines": 2}, "missing_lines": [49, 50], "excluded_lines": [47, 51]}, "AgentManager.start_agent": {"executed_lines": [56, 57, 59, 60], "summary": {"covered_lines": 4, "num_statements": 4, "percent_covered": 100.0, "percent_covered_display": "100", "missing_lines": 0, "excluded_lines": 0}, "missing_lines": [], "excluded_lines": []}, "AgentManager.stop_agent": {"executed_lines": [64, 65, 67, 68], "summary": {"covered_lines": 4, "num_statements": 4, "percent_covered": 100.0, "percent_covered_display": "100", "missing_lines": 0, "excluded_lines": 0}, "missing_lines": [], "excluded_lines": []}, "AgentManager.list_agents": {"executed_lines": [72], "summary": {"covered_lines": 1, "num_statements": 1, "percent_covered": 100.0, "percent_covered_display": "100", "missing_lines": 0, "excluded_lines": 0}, "missing_lines": [], "excluded_lines": []}, "AgentManager.get_agent_status": {"executed_lines": [84, 85, 87, 88], "summary": {"covered_lines": 4, "num_statements": 4, "percent_covered": 100.0, "percent_covered_display": "100", "missing_lines": 0, "excluded_lines": 0}, "missing_lines": [], "excluded_lines": []}, "AgentManager.register_agent": {"executed_lines": [99, 100, 102, 109, 110, 111], "summary": {"covered_lines": 6, "num_statements": 6, "percent_covered": 100.0, "percent_covered_display": "100", "missing_lines": 0, "excluded_lines": 0}, "missing_lines": [], "excluded_lines": []}, "AgentManager.unregister_agent": {"executed_lines": [115, 116, 117, 119, 120], "summary": {"covered_lines": 5, "num_statements": 6, "percent_covered": 83.33333333333333, "percent_covered_display": "83", "missing_lines": 1, "excluded_lines": 0}, "missing_lines": [118], "excluded_lines": []}, "AgentManager._handle_agent_failure": {"executed_lines": [], "summary": {"covered_lines": 0, "num_statements": 1, "percent_covered": 0.0, "percent_covered_display": "0", "missing_lines": 1, "excluded_lines": 1}, "missing_lines": [124], "excluded_lines": [126]}, "AgentManager.update_heartbeat": {"executed_lines": [130, 131, 132], "summary": {"covered_lines": 3, "num_statements": 3, "percent_covered": 100.0, "percent_covered_display": "100", "missing_lines": 0, "excluded_lines": 0}, "missing_lines": [], "excluded_lines": []}, "AgentManager.start_heartbeat_monitor": {"executed_lines": [136, 137, 138, 139], "summary": {"covered_lines": 4, "num_statements": 4, "percent_covered": 100.0, "percent_covered_display": "100", "missing_lines": 0, "excluded_lines": 0}, "missing_lines": [], "excluded_lines": []}, "AgentManager.stop_heartbeat_monitor": {"executed_lines": [143, 144, 145, 146, 147, 149, 151, 156], "summary": {"covered_lines": 7, "num_statements": 9, "percent_covered": 77.77777777777777, "percent_covered_display": "78", "missing_lines": 2, "excluded_lines": 2}, "missing_lines": [153, 154], "excluded_lines": [151, 155]}, "AgentManager._heartbeat_loop": {"executed_lines": [160, 161, 162, 163], "summary": {"covered_lines": 4, "num_statements": 7, "percent_covered": 57.142857142857146, "percent_covered_display": "57", "missing_lines": 3, "excluded_lines": 0}, "missing_lines": [164, 165, 166], "excluded_lines": []}, "AgentManager._check_agent_health": {"executed_lines": [170, 171, 172, 173, 174, 175], "summary": {"covered_lines": 6, "num_statements": 6, "percent_covered": 100.0, "percent_covered_display": "100", "missing_lines": 0, "excluded_lines": 0}, "missing_lines": [], "excluded_lines": []}, "AgentManager.get_available_agent": {"executed_lines": [], "summary": {"covered_lines": 0, "num_statements": 4, "percent_covered": 0.0, "percent_covered_display": "0", "missing_lines": 4, "excluded_lines": 0}, "missing_lines": [179, 180, 181, 182], "excluded_lines": []}, "AgentManager.assign_task": {"executed_lines": [], "summary": {"covered_lines": 0, "num_statements": 9, "percent_covered": 0.0, "percent_covered_display": "0", "missing_lines": 9, "excluded_lines": 0}, "missing_lines": [186, 187, 189, 190, 191, 193, 194, 195, 196], "excluded_lines": []}, "AgentManager.update_agent_status": {"executed_lines": [], "summary": {"covered_lines": 0, "num_statements": 5, "percent_covered": 0.0, "percent_covered_display": "0", "missing_lines": 5, "excluded_lines": 0}, "missing_lines": [200, 201, 203, 204, 205], "excluded_lines": []}, "AgentManager.heartbeat": {"executed_lines": [], "summary": {"covered_lines": 0, "num_statements": 3, "percent_covered": 0.0, "percent_covered_display": "0", "missing_lines": 3, "excluded_lines": 0}, "missing_lines": [209, 210, 212], "excluded_lines": []}, "AgentManager.get_agent_count": {"executed_lines": [], "summary": {"covered_lines": 0, "num_statements": 1, "percent_covered": 0.0, "percent_covered_display": "0", "missing_lines": 1, "excluded_lines": 0}, "missing_lines": [216], "excluded_lines": []}, "AgentManager.get_agent_status_enum": {"executed_lines": [], "summary": {"covered_lines": 0, "num_statements": 2, "percent_covered": 0.0, "percent_covered_display": "0", "missing_lines": 2, "excluded_lines": 0}, "missing_lines": [220, 221], "excluded_lines": []}, "AgentManager.shutdown_all_agents": {"executed_lines": [225, 226, 227, 228], "summary": {"covered_lines": 4, "num_statements": 4, "percent_covered": 100.0, "percent_covered_display": "100", "missing_lines": 0, "excluded_lines": 0}, "missing_lines": [], "excluded_lines": []}, "": {"executed_lines": [2, 9, 10, 11, 12, 13, 15, 16, 18, 20, 21, 23, 30, 37, 54, 62, 70, 82, 97, 113, 122, 128, 134, 141, 158, 168, 177, 184, 198, 207, 214, 218, 223], "summary": {"covered_lines": 31, "num_statements": 31, "percent_covered": 100.0, "percent_covered_display": "100", "missing_lines": 0, "excluded_lines": 0}, "missing_lines": [], "excluded_lines": []}}, "classes": {"AgentManager": {"executed_lines": [24, 25, 26, 27, 28, 32, 33, 34, 35, 39, 40, 41, 42, 43, 45, 47, 52, 56, 57, 59, 60, 64, 65, 67, 68, 72, 84, 85, 87, 88, 99, 100, 102, 109, 110, 111, 115, 116, 117, 119, 120, 130, 131, 132, 136, 137, 138, 139, 143, 144, 145, 146, 147, 149, 151, 156, 160, 161, 162, 163, 170, 171, 172, 173, 174, 175, 225, 226, 227, 228], "summary": {"covered_lines": 68, "num_statements": 101, "percent_covered": 67.32673267326733, "percent_covered_display": "67", "missing_lines": 33, "excluded_lines": 5}, "missing_lines": [49, 50, 118, 124, 153, 154, 164, 165, 166, 179, 180, 181, 182, 186, 187, 189, 190, 191, 193, 194, 195, 196, 200, 201, 203, 204, 205, 209, 210, 212, 216, 220, 221], "excluded_lines": [47, 51, 126, 151, 155]}, "": {"executed_lines": [2, 9, 10, 11, 12, 13, 15, 16, 18, 20, 21, 23, 30, 37, 54, 62, 70, 82, 97, 113, 122, 128, 134, 141, 158, 168, 177, 184, 198, 207, 214, 218, 223], "summary": {"covered_lines": 31, "num_statements": 31, "percent_covered": 100.0, "percent_covered_display": "100", "missing_lines": 0, "excluded_lines": 0}, "missing_lines": [], "excluded_lines": []}}}, "core_system/orchestrator/exceptions.py": {"executed_lines": [2, 8, 9, 10, 13, 14, 15, 18, 19, 20, 23, 24, 25, 28, 29, 30, 33, 34, 35, 38, 39, 40, 43, 44, 45, 48, 49, 50, 53, 54, 55, 58, 59, 60], "summary": {"covered_lines": 11, "num_statements": 11, "percent_covered": 100.0, "percent_covered_display": "100", "missing_lines": 0, "excluded_lines": 11}, "missing_lines": [], "excluded_lines": [10, 15, 20, 25, 30, 35, 40, 45, 50, 55, 60], "functions": {"": {"executed_lines": [2, 8, 9, 10, 13, 14, 15, 18, 19, 20, 23, 24, 25, 28, 29, 30, 33, 34, 35, 38, 39, 40, 43, 44, 45, 48, 49, 50, 53, 54, 55, 58, 59, 60], "summary": {"covered_lines": 11, "num_statements": 11, "percent_covered": 100.0, "percent_covered_display": "100", "missing_lines": 0, "excluded_lines": 11}, "missing_lines": [], "excluded_lines": [10, 15, 20, 25, 30, 35, 40, 45, 50, 55, 60]}}, "classes": {"OrchestratorError": {"executed_lines": [], "summary": {"covered_lines": 0, "num_statements": 0, "percent_covered": 100.0, "percent_covered_display": "100", "missing_lines": 0, "excluded_lines": 0}, "missing_lines": [], "excluded_lines": []}, "AgentError": {"executed_lines": [], "summary": {"covered_lines": 0, "num_statements": 0, "percent_covered": 100.0, "percent_covered_display": "100", "missing_lines": 0, "excluded_lines": 0}, "missing_lines": [], "excluded_lines": []}, "AgentNotFoundError": {"executed_lines": [], "summary": {"covered_lines": 0, "num_statements": 0, "percent_covered": 100.0, "percent_covered_display": "100", "missing_lines": 0, "excluded_lines": 0}, "missing_lines": [], "excluded_lines": []}, "SyncError": {"executed_lines": [], "summary": {"covered_lines": 0, "num_statements": 0, "percent_covered": 100.0, "percent_covered_display": "100", "missing_lines": 0, "excluded_lines": 0}, "missing_lines": [], "excluded_lines": []}, "QueueError": {"executed_lines": [], "summary": {"covered_lines": 0, "num_statements": 0, "percent_covered": 100.0, "percent_covered_display": "100", "missing_lines": 0, "excluded_lines": 0}, "missing_lines": [], "excluded_lines": []}, "TaskError": {"executed_lines": [], "summary": {"covered_lines": 0, "num_statements": 0, "percent_covered": 100.0, "percent_covered_display": "100", "missing_lines": 0, "excluded_lines": 0}, "missing_lines": [], "excluded_lines": []}, "ConfigError": {"executed_lines": [], "summary": {"covered_lines": 0, "num_statements": 0, "percent_covered": 100.0, "percent_covered_display": "100", "missing_lines": 0, "excluded_lines": 0}, "missing_lines": [], "excluded_lines": []}, "AuthenticationError": {"executed_lines": [], "summary": {"covered_lines": 0, "num_statements": 0, "percent_covered": 100.0, "percent_covered_display": "100", "missing_lines": 0, "excluded_lines": 0}, "missing_lines": [], "excluded_lines": []}, "CommunicationError": {"executed_lines": [], "summary": {"covered_lines": 0, "num_statements": 0, "percent_covered": 100.0, "percent_covered_display": "100", "missing_lines": 0, "excluded_lines": 0}, "missing_lines": [], "excluded_lines": []}, "ResourceError": {"executed_lines": [], "summary": {"covered_lines": 0, "num_statements": 0, "percent_covered": 100.0, "percent_covered_display": "100", "missing_lines": 0, "excluded_lines": 0}, "missing_lines": [], "excluded_lines": []}, "ValidationError": {"executed_lines": [], "summary": {"covered_lines": 0, "num_statements": 0, "percent_covered": 100.0, "percent_covered_display": "100", "missing_lines": 0, "excluded_lines": 0}, "missing_lines": [], "excluded_lines": []}, "": {"executed_lines": [2, 8, 9, 10, 13, 14, 15, 18, 19, 20, 23, 24, 25, 28, 29, 30, 33, 34, 35, 38, 39, 40, 43, 44, 45, 48, 49, 50, 53, 54, 55, 58, 59, 60], "summary": {"covered_lines": 11, "num_statements": 11, "percent_covered": 100.0, "percent_covered_display": "100", "missing_lines": 0, "excluded_lines": 11}, "missing_lines": [], "excluded_lines": [10, 15, 20, 25, 30, 35, 40, 45, 50, 55, 60]}}}, "core_system/orchestrator/models.py": {"executed_lines": [2, 8, 9, 10, 11, 14, 15, 16, 17, 18, 19, 20, 23, 24, 25, 26, 27, 28, 31, 32, 33, 34, 35, 36, 39, 40, 41, 42, 43, 44, 45, 46, 47, 48, 49, 50, 51, 54, 55, 56, 57, 58, 59, 60, 61, 62, 63, 64, 67, 68, 69, 70, 71, 72, 73, 74, 77, 78, 79, 80, 81, 82, 83, 84, 85, 86, 89, 90, 91, 92, 93, 94, 95, 96, 99, 100, 101, 102, 103, 104, 105, 106, 109, 110, 111, 112, 113, 114, 115, 116], "summary": {"covered_lines": 79, "num_statements": 79, "percent_covered": 100.0, "percent_covered_display": "100", "missing_lines": 0, "excluded_lines": 0}, "missing_lines": [], "excluded_lines": [], "functions": {"": {"executed_lines": [2, 8, 9, 10, 11, 14, 15, 16, 17, 18, 19, 20, 23, 24, 25, 26, 27, 28, 31, 32, 33, 34, 35, 36, 39, 40, 41, 42, 43, 44, 45, 46, 47, 48, 49, 50, 51, 54, 55, 56, 57, 58, 59, 60, 61, 62, 63, 64, 67, 68, 69, 70, 71, 72, 73, 74, 77, 78, 79, 80, 81, 82, 83, 84, 85, 86, 89, 90, 91, 92, 93, 94, 95, 96, 99, 100, 101, 102, 103, 104, 105, 106, 109, 110, 111, 112, 113, 114, 115, 116], "summary": {"covered_lines": 79, "num_statements": 79, "percent_covered": 100.0, "percent_covered_display": "100", "missing_lines": 0, "excluded_lines": 0}, "missing_lines": [], "excluded_lines": []}}, "classes": {"TaskStatus": {"executed_lines": [], "summary": {"covered_lines": 0, "num_statements": 0, "percent_covered": 100.0, "percent_covered_display": "100", "missing_lines": 0, "excluded_lines": 0}, "missing_lines": [], "excluded_lines": []}, "AgentStatus": {"executed_lines": [], "summary": {"covered_lines": 0, "num_statements": 0, "percent_covered": 100.0, "percent_covered_display": "100", "missing_lines": 0, "excluded_lines": 0}, "missing_lines": [], "excluded_lines": []}, "SyncStatus": {"executed_lines": [], "summary": {"covered_lines": 0, "num_statements": 0, "percent_covered": 100.0, "percent_covered_display": "100", "missing_lines": 0, "excluded_lines": 0}, "missing_lines": [], "excluded_lines": []}, "Task": {"executed_lines": [], "summary": {"covered_lines": 0, "num_statements": 0, "percent_covered": 100.0, "percent_covered_display": "100", "missing_lines": 0, "excluded_lines": 0}, "missing_lines": [], "excluded_lines": []}, "Agent": {"executed_lines": [], "summary": {"covered_lines": 0, "num_statements": 0, "percent_covered": 100.0, "percent_covered_display": "100", "missing_lines": 0, "excluded_lines": 0}, "missing_lines": [], "excluded_lines": []}, "SyncData": {"executed_lines": [], "summary": {"covered_lines": 0, "num_statements": 0, "percent_covered": 100.0, "percent_covered_display": "100", "missing_lines": 0, "excluded_lines": 0}, "missing_lines": [], "excluded_lines": []}, "ServerConfig": {"executed_lines": [], "summary": {"covered_lines": 0, "num_statements": 0, "percent_covered": 100.0, "percent_covered_display": "100", "missing_lines": 0, "excluded_lines": 0}, "missing_lines": [], "excluded_lines": []}, "OrchestratorConfig": {"executed_lines": [], "summary": {"covered_lines": 0, "num_statements": 0, "percent_covered": 100.0, "percent_covered_display": "100", "missing_lines": 0, "excluded_lines": 0}, "missing_lines": [], "excluded_lines": []}, "AgentConfig": {"executed_lines": [], "summary": {"covered_lines": 0, "num_statements": 0, "percent_covered": 100.0, "percent_covered_display": "100", "missing_lines": 0, "excluded_lines": 0}, "missing_lines": [], "excluded_lines": []}, "TaskConfig": {"executed_lines": [], "summary": {"covered_lines": 0, "num_statements": 0, "percent_covered": 100.0, "percent_covered_display": "100", "missing_lines": 0, "excluded_lines": 0}, "missing_lines": [], "excluded_lines": []}, "": {"executed_lines": [2, 8, 9, 10, 11, 14, 15, 16, 17, 18, 19, 20, 23, 24, 25, 26, 27, 28, 31, 32, 33, 34, 35, 36, 39, 40, 41, 42, 43, 44, 45, 46, 47, 48, 49, 50, 51, 54, 55, 56, 57, 58, 59, 60, 61, 62, 63, 64, 67, 68, 69, 70, 71, 72, 73, 74, 77, 78, 79, 80, 81, 82, 83, 84, 85, 86, 89, 90, 91, 92, 93, 94, 95, 96, 99, 100, 101, 102, 103, 104, 105, 106, 109, 110, 111, 112, 113, 114, 115, 116], "summary": {"covered_lines": 79, "num_statements": 79, "percent_covered": 100.0, "percent_covered_display": "100", "missing_lines": 0, "excluded_lines": 0}, "missing_lines": [], "excluded_lines": []}}}, "core_system/orchestrator/supreme_ai.py": {"executed_lines": [2, 9, 10, 11, 12, 13, 15, 16, 17, 18, 19, 21, 23, 24, 25, 26, 27, 28, 29, 30, 33, 34, 38, 39, 40, 41, 42, 43, 44, 46, 48, 49, 50, 51, 52, 53, 60, 62, 63, 64, 65, 66, 67, 73, 75, 76, 86, 88, 89, 99, 108, 117, 127, 137, 147, 157, 167, 177, 187, 191, 195], "summary": {"covered_lines": 58, "num_statements": 127, "percent_covered": 45.669291338582674, "percent_covered_display": "46", "missing_lines": 69, "excluded_lines": 12}, "missing_lines": [54, 56, 57, 58, 68, 70, 71, 78, 79, 80, 81, 83, 84, 91, 92, 93, 94, 96, 97, 101, 102, 103, 105, 106, 110, 111, 112, 114, 115, 119, 120, 121, 122, 124, 125, 129, 130, 131, 132, 134, 135, 139, 140, 141, 142, 144, 145, 149, 150, 151, 152, 154, 155, 159, 160, 161, 162, 164, 165, 169, 170, 171, 172, 174, 175, 179, 189, 193, 197], "excluded_lines": [55, 69, 82, 95, 104, 113, 123, 133, 143, 153, 163, 173], "functions": {"SupremeAIOrchestrator.__init__": {"executed_lines": [39, 40, 41, 42, 43, 44], "summary": {"covered_lines": 6, "num_statements": 6, "percent_covered": 100.0, "percent_covered_display": "100", "missing_lines": 0, "excluded_lines": 0}, "missing_lines": [], "excluded_lines": []}, "SupremeAIOrchestrator.start": {"executed_lines": [48, 49, 50, 51, 52, 53], "summary": {"covered_lines": 6, "num_statements": 10, "percent_covered": 60.0, "percent_covered_display": "60", "missing_lines": 4, "excluded_lines": 1}, "missing_lines": [54, 56, 57, 58], "excluded_lines": [55]}, "SupremeAIOrchestrator.stop": {"executed_lines": [62, 63, 64, 65, 66, 67], "summary": {"covered_lines": 6, "num_statements": 9, "percent_covered": 66.66666666666667, "percent_covered_display": "67", "missing_lines": 3, "excluded_lines": 1}, "missing_lines": [68, 70, 71], "excluded_lines": [69]}, "SupremeAIOrchestrator.submit_task": {"executed_lines": [75, 76], "summary": {"covered_lines": 2, "num_statements": 8, "percent_covered": 25.0, "percent_covered_display": "25", "missing_lines": 6, "excluded_lines": 1}, "missing_lines": [78, 79, 80, 81, 83, 84], "excluded_lines": [82]}, "SupremeAIOrchestrator.register_agent": {"executed_lines": [88, 89], "summary": {"covered_lines": 2, "num_statements": 8, "percent_covered": 25.0, "percent_covered_display": "25", "missing_lines": 6, "excluded_lines": 1}, "missing_lines": [91, 92, 93, 94, 96, 97], "excluded_lines": [95]}, "SupremeAIOrchestrator.get_agent_status": {"executed_lines": [], "summary": {"covered_lines": 0, "num_statements": 5, "percent_covered": 0.0, "percent_covered_display": "0", "missing_lines": 5, "excluded_lines": 1}, "missing_lines": [101, 102, 103, 105, 106], "excluded_lines": [104]}, "SupremeAIOrchestrator.list_agents": {"executed_lines": [], "summary": {"covered_lines": 0, "num_statements": 5, "percent_covered": 0.0, "percent_covered_display": "0", "missing_lines": 5, "excluded_lines": 1}, "missing_lines": [110, 111, 112, 114, 115], "excluded_lines": [113]}, "SupremeAIOrchestrator.start_agent": {"executed_lines": [], "summary": {"covered_lines": 0, "num_statements": 6, "percent_covered": 0.0, "percent_covered_display": "0", "missing_lines": 6, "excluded_lines": 1}, "missing_lines": [119, 120, 121, 122, 124, 125], "excluded_lines": [123]}, "SupremeAIOrchestrator.stop_agent": {"executed_lines": [], "summary": {"covered_lines": 0, "num_statements": 6, "percent_covered": 0.0, "percent_covered_display": "0", "missing_lines": 6, "excluded_lines": 1}, "missing_lines": [129, 130, 131, 132, 134, 135], "excluded_lines": [133]}, "SupremeAIOrchestrator.start_sync": {"executed_lines": [], "summary": {"covered_lines": 0, "num_statements": 6, "percent_covered": 0.0, "percent_covered_display": "0", "missing_lines": 6, "excluded_lines": 1}, "missing_lines": [139, 140, 141, 142, 144, 145], "excluded_lines": [143]}, "SupremeAIOrchestrator.stop_sync": {"executed_lines": [], "summary": {"covered_lines": 0, "num_statements": 6, "percent_covered": 0.0, "percent_covered_display": "0", "missing_lines": 6, "excluded_lines": 1}, "missing_lines": [149, 150, 151, 152, 154, 155], "excluded_lines": [153]}, "SupremeAIOrchestrator.deploy": {"executed_lines": [], "summary": {"covered_lines": 0, "num_statements": 6, "percent_covered": 0.0, "percent_covered_display": "0", "missing_lines": 6, "excluded_lines": 1}, "missing_lines": [159, 160, 161, 162, 164, 165], "excluded_lines": [163]}, "SupremeAIOrchestrator.rollback": {"executed_lines": [], "summary": {"covered_lines": 0, "num_statements": 6, "percent_covered": 0.0, "percent_covered_display": "0", "missing_lines": 6, "excluded_lines": 1}, "missing_lines": [169, 170, 171, 172, 174, 175], "excluded_lines": [173]}, "SupremeAIOrchestrator.get_status": {"executed_lines": [], "summary": {"covered_lines": 0, "num_statements": 1, "percent_covered": 0.0, "percent_covered_display": "0", "missing_lines": 1, "excluded_lines": 0}, "missing_lines": [179], "excluded_lines": []}, "SupremeAIOrchestrator.process_tasks": {"executed_lines": [], "summary": {"covered_lines": 0, "num_statements": 1, "percent_covered": 0.0, "percent_covered_display": "0", "missing_lines": 1, "excluded_lines": 0}, "missing_lines": [189], "excluded_lines": []}, "SupremeAIOrchestrator.sync": {"executed_lines": [], "summary": {"covered_lines": 0, "num_statements": 1, "percent_covered": 0.0, "percent_covered_display": "0", "missing_lines": 1, "excluded_lines": 0}, "missing_lines": [193], "excluded_lines": []}, "SupremeAIOrchestrator.update_agent_heartbeat": {"executed_lines": [], "summary": {"covered_lines": 0, "num_statements": 1, "percent_covered": 0.0, "percent_covered_display": "0", "missing_lines": 1, "excluded_lines": 0}, "missing_lines": [197], "excluded_lines": []}, "": {"executed_lines": [2, 9, 10, 11, 12, 13, 15, 16, 17, 18, 19, 21, 23, 24, 25, 26, 27, 28, 29, 30, 33, 34, 38, 46, 60, 73, 86, 99, 108, 117, 127, 137, 147, 157, 167, 177, 187, 191, 195], "summary": {"covered_lines": 36, "num_statements": 36, "percent_covered": 100.0, "percent_covered_display": "100", "missing_lines": 0, "excluded_lines": 0}, "missing_lines": [], "excluded_lines": []}}, "classes": {"OrchestratorConfig": {"executed_lines": [], "summary": {"covered_lines": 0, "num_statements": 0, "percent_covered": 100.0, "percent_covered_display": "100", "missing_lines": 0, "excluded_lines": 0}, "missing_lines": [], "excluded_lines": []}, "SupremeAIOrchestrator": {"executed_lines": [39, 40, 41, 42, 43, 44, 48, 49, 50, 51, 52, 53, 62, 63, 64, 65, 66, 67, 75, 76, 88, 89], "summary": {"covered_lines": 22, "num_statements": 91, "percent_covered": 24.175824175824175, "percent_covered_display": "24", "missing_lines": 69, "excluded_lines": 12}, "missing_lines": [54, 56, 57, 58, 68, 70, 71, 78, 79, 80, 81, 83, 84, 91, 92, 93, 94, 96, 97, 101, 102, 103, 105, 106, 110, 111, 112, 114, 115, 119, 120, 121, 122, 124, 125, 129, 130, 131, 132, 134, 135, 139, 140, 141, 142, 144, 145, 149, 150, 151, 152, 154, 155, 159, 160, 161, 162, 164, 165, 169, 170, 171, 172, 174, 175, 179, 189, 193, 197], "excluded_lines": [55, 69, 82, 95, 104, 113, 123, 133, 143, 153, 163, 173]}, "": {"executed_lines": [2, 9, 10, 11, 12, 13, 15, 16, 17, 18, 19, 21, 23, 24, 25, 26, 27, 28, 29, 30, 33, 34, 38, 46, 60, 73, 86, 99, 108, 117, 127, 137, 147, 157, 167, 177, 187, 191, 195], "summary": {"covered_lines": 36, "num_statements": 36, "percent_covered": 100.0, "percent_covered_display": "100", "missing_lines": 0, "excluded_lines": 0}, "missing_lines": [], "excluded_lines": []}}}, "core_system/orchestrator/sync_manager.py": {"executed_lines": [2, 9, 10, 11, 12, 14, 16, 18, 19, 21, 22, 23, 24, 25, 26, 27, 28, 30, 32, 33, 34, 35, 37, 39, 40, 41, 42, 43, 45, 47, 52, 54, 56, 63, 65, 71, 73, 74, 76, 78, 79, 80, 81, 82, 83, 84], "summary": {"covered_lines": 43, "num_statements": 45, "percent_covered": 95.55555555555556, "percent_covered_display": "96", "missing_lines": 2, "excluded_lines": 2}, "missing_lines": [49, 50], "excluded_lines": [47, 51], "functions": {"SyncManager.__init__": {"executed_lines": [22, 23, 24, 25, 26, 27, 28], "summary": {"covered_lines": 7, "num_statements": 7, "percent_covered": 100.0, "percent_covered_display": "100", "missing_lines": 0, "excluded_lines": 0}, "missing_lines": [], "excluded_lines": []}, "SyncManager.start": {"executed_lines": [32, 33, 34, 35], "summary": {"covered_lines": 4, "num_statements": 4, "percent_covered": 100.0, "percent_covered_display": "100", "missing_lines": 0, "excluded_lines": 0}, "missing_lines": [], "excluded_lines": []}, "SyncManager.stop": {"executed_lines": [39, 40, 41, 42, 43, 45, 47, 52], "summary": {"covered_lines": 7, "num_statements": 9, "percent_covered": 77.77777777777777, "percent_covered_display": "78", "missing_lines": 2, "excluded_lines": 2}, "missing_lines": [49, 50], "excluded_lines": [47, 51]}, "SyncManager.deploy": {"executed_lines": [56], "summary": {"covered_lines": 1, "num_statements": 1, "percent_covered": 100.0, "percent_covered_display": "100", "missing_lines": 0, "excluded_lines": 0}, "missing_lines": [], "excluded_lines": []}, "SyncManager.rollback": {"executed_lines": [65], "summary": {"covered_lines": 1, "num_statements": 1, "percent_covered": 100.0, "percent_covered_display": "100", "missing_lines": 0, "excluded_lines": 0}, "missing_lines": [], "excluded_lines": []}, "SyncManager.sync": {"executed_lines": [73, 74], "summary": {"covered_lines": 2, "num_statements": 2, "percent_covered": 100.0, "percent_covered_display": "100", "missing_lines": 0, "excluded_lines": 0}, "missing_lines": [], "excluded_lines": []}, "SyncManager._sync_loop": {"executed_lines": [78, 79, 80, 81, 82, 83, 84], "summary": {"covered_lines": 7, "num_statements": 7, "percent_covered": 100.0, "percent_covered_display": "100", "missing_lines": 0, "excluded_lines": 0}, "missing_lines": [], "excluded_lines": []}, "": {"executed_lines": [2, 9, 10, 11, 12, 14, 16, 18, 19, 21, 30, 37, 54, 63, 71, 76], "summary": {"covered_lines": 14, "num_statements": 14, "percent_covered": 100.0, "percent_covered_display": "100", "missing_lines": 0, "excluded_lines": 0}, "missing_lines": [], "excluded_lines": []}}, "classes": {"SyncManager": {"executed_lines": [22, 23, 24, 25, 26, 27, 28, 32, 33, 34, 35, 39, 40, 41, 42, 43, 45, 47, 52, 56, 65, 73, 74, 78, 79, 80, 81, 82, 83, 84], "summary": {"covered_lines": 29, "num_statements": 31, "percent_covered": 93.54838709677419, "percent_covered_display": "94", "missing_lines": 2, "excluded_lines": 2}, "missing_lines": [49, 50], "excluded_lines": [47, 51]}, "": {"executed_lines": [2, 9, 10, 11, 12, 14, 16, 18, 19, 21, 30, 37, 54, 63, 71, 76], "summary": {"covered_lines": 14, "num_statements": 14, "percent_covered": 100.0, "percent_covered_display": "100", "missing_lines": 0, "excluded_lines": 0}, "missing_lines": [], "excluded_lines": []}}}, "core_system/orchestrator/task_queue.py": {"executed_lines": [2, 8, 9, 10, 11, 12, 14, 15, 17, 19, 20, 22, 23, 24, 25, 26, 27, 28, 29, 30, 32, 34, 40, 41, 43, 45, 46, 47, 49, 51, 52, 53, 54, 56, 58, 59, 60, 61, 62, 64, 66, 71, 73, 75, 76, 77, 78, 79, 80, 82, 84, 85, 86, 92, 97, 107, 108, 109, 110, 113, 114, 115, 116, 118, 125, 126, 127, 129, 130, 131, 132, 137, 144, 145, 146, 147, 149, 159, 160, 161, 162, 163, 164, 165, 166, 168, 170, 171, 172, 174, 176, 178, 185, 186, 188, 199, 200, 201, 202, 203, 204, 205, 206, 207, 209, 219, 220, 225, 241], "summary": {"covered_lines": 106, "num_statements": 132, "percent_covered": 80.3030303030303, "percent_covered_display": "80", "missing_lines": 26, "excluded_lines": 2}, "missing_lines": [68, 69, 87, 88, 89, 90, 93, 94, 95, 133, 134, 135, 235, 236, 248, 249, 250, 255, 256, 257, 258, 259, 260, 262, 263, 264], "excluded_lines": [66, 70], "functions": {"TaskQueue.__init__": {"executed_lines": [23, 24, 25, 26, 27, 28, 29, 30], "summary": {"covered_lines": 8, "num_statements": 8, "percent_covered": 100.0, "percent_covered_display": "100", "missing_lines": 0, "excluded_lines": 0}, "missing_lines": [], "excluded_lines": []}, "TaskQueue.submit": {"executed_lines": [34, 40, 41], "summary": {"covered_lines": 3, "num_statements": 3, "percent_covered": 100.0, "percent_covered_display": "100", "missing_lines": 0, "excluded_lines": 0}, "missing_lines": [], "excluded_lines": []}, "TaskQueue.process": {"executed_lines": [45, 46, 47], "summary": {"covered_lines": 3, "num_statements": 3, "percent_covered": 100.0, "percent_covered_display": "100", "missing_lines": 0, "excluded_lines": 0}, "missing_lines": [], "excluded_lines": []}, "TaskQueue.start": {"executed_lines": [51, 52, 53, 54], "summary": {"covered_lines": 4, "num_statements": 4, "percent_covered": 100.0, "percent_covered_display": "100", "missing_lines": 0, "excluded_lines": 0}, "missing_lines": [], "excluded_lines": []}, "TaskQueue.stop": {"executed_lines": [58, 59, 60, 61, 62, 64, 66, 71], "summary": {"covered_lines": 7, "num_statements": 9, "percent_covered": 77.77777777777777, "percent_covered_display": "78", "missing_lines": 2, "excluded_lines": 2}, "missing_lines": [68, 69], "excluded_lines": [66, 70]}, "TaskQueue._process_loop": {"executed_lines": [75, 76, 77, 78, 79, 80, 82, 84, 85, 86, 92], "summary": {"covered_lines": 11, "num_statements": 18, "percent_covered": 61.111111111111114, "percent_covered_display": "61", "missing_lines": 7, "excluded_lines": 0}, "missing_lines": [87, 88, 89, 90, 93, 94, 95], "excluded_lines": []}, "TaskQueue.put": {"executed_lines": [107, 108, 109, 110, 113, 114, 115, 116], "summary": {"covered_lines": 8, "num_statements": 8, "percent_covered": 100.0, "percent_covered_display": "100", "missing_lines": 0, "excluded_lines": 0}, "missing_lines": [], "excluded_lines": []}, "TaskQueue.get": {"executed_lines": [125, 126, 127, 129, 130, 131, 132], "summary": {"covered_lines": 7, "num_statements": 10, "percent_covered": 70.0, "percent_covered_display": "70", "missing_lines": 3, "excluded_lines": 0}, "missing_lines": [133, 134, 135], "excluded_lines": []}, "TaskQueue.peek": {"executed_lines": [144, 145, 146, 147], "summary": {"covered_lines": 4, "num_statements": 4, "percent_covered": 100.0, "percent_covered_display": "100", "missing_lines": 0, "excluded_lines": 0}, "missing_lines": [], "excluded_lines": []}, "TaskQueue.remove": {"executed_lines": [159, 160, 161, 162, 163, 164, 165, 166], "summary": {"covered_lines": 8, "num_statements": 8, "percent_covered": 100.0, "percent_covered_display": "100", "missing_lines": 0, "excluded_lines": 0}, "missing_lines": [], "excluded_lines": []}, "TaskQueue.clear": {"executed_lines": [170, 171, 172], "summary": {"covered_lines": 3, "num_statements": 3, "percent_covered": 100.0, "percent_covered_display": "100", "missing_lines": 0, "excluded_lines": 0}, "missing_lines": [], "excluded_lines": []}, "TaskQueue.size": {"executed_lines": [176], "summary": {"covered_lines": 1, "num_statements": 1, "percent_covered": 100.0, "percent_covered_display": "100", "missing_lines": 0, "excluded_lines": 0}, "missing_lines": [], "excluded_lines": []}, "TaskQueue.get_all_tasks": {"executed_lines": [185, 186], "summary": {"covered_lines": 2, "num_statements": 2, "percent_covered": 100.0, "percent_covered_display": "100", "missing_lines": 0, "excluded_lines": 0}, "missing_lines": [], "excluded_lines": []}, "TaskQueue.update_task_priority": {"executed_lines": [199, 200, 201, 202, 203, 204, 205, 206, 207], "summary": {"covered_lines": 9, "num_statements": 9, "percent_covered": 100.0, "percent_covered_display": "100", "missing_lines": 0, "excluded_lines": 0}, "missing_lines": [], "excluded_lines": []}, "TaskQueue.get_tasks_by_status": {"executed_lines": [219, 220], "summary": {"covered_lines": 2, "num_statements": 2, "percent_covered": 100.0, "percent_covered_display": "100", "missing_lines": 0, "excluded_lines": 0}, "missing_lines": [], "excluded_lines": []}, "TaskQueue.get_tasks_by_type": {"executed_lines": [], "summary": {"covered_lines": 0, "num_statements": 2, "percent_covered": 0.0, "percent_covered_display": "0", "missing_lines": 2, "excluded_lines": 0}, "missing_lines": [235, 236], "excluded_lines": []}, "TaskQueue.requeue_failed_tasks": {"executed_lines": [], "summary": {"covered_lines": 0, "num_statements": 12, "percent_covered": 0.0, "percent_covered_display": "0", "missing_lines": 12, "excluded_lines": 0}, "missing_lines": [248, 249, 250, 255, 256, 257, 258, 259, 260, 262, 263, 264], "excluded_lines": []}, "": {"executed_lines": [2, 8, 9, 10, 11, 12, 14, 15, 17, 19, 20, 22, 32, 43, 49, 56, 73, 97, 118, 137, 149, 168, 174, 178, 188, 209, 225, 241], "summary": {"covered_lines": 26, "num_statements": 26, "percent_covered": 100.0, "percent_covered_display": "100", "missing_lines": 0, "excluded_lines": 0}, "missing_lines": [], "excluded_lines": []}}, "classes": {"TaskQueue": {"executed_lines": [23, 24, 25, 26, 27, 28, 29, 30, 34, 40, 41, 45, 46, 47, 51, 52, 53, 54, 58, 59, 60, 61, 62, 64, 66, 71, 75, 76, 77, 78, 79, 80, 82, 84, 85, 86, 92, 107, 108, 109, 110, 113, 114, 115, 116, 125, 126, 127, 129, 130, 131, 132, 144, 145, 146, 147, 159, 160, 161, 162, 163, 164, 165, 166, 170, 171, 172, 176, 185, 186, 199, 200, 201, 202, 203, 204, 205, 206, 207, 219, 220], "summary": {"covered_lines": 80, "num_statements": 106, "percent_covered": 75.47169811320755, "percent_covered_display": "75", "missing_lines": 26, "excluded_lines": 2}, "missing_lines": [68, 69, 87, 88, 89, 90, 93, 94, 95, 133, 134, 135, 235, 236, 248, 249, 250, 255, 256, 257, 258, 259, 260, 262, 263, 264], "excluded_lines": [66, 70]}, "": {"executed_lines": [2, 8, 9, 10, 11, 12, 14, 15, 17, 19, 20, 22, 32, 43, 49, 56, 73, 97, 118, 137, 149, 168, 174, 178, 188, 209, 225, 241], "summary": {"covered_lines": 26, "num_statements": 26, "percent_covered": 100.0, "percent_covered_display": "100", "missing_lines": 0, "excluded_lines": 0}, "missing_lines": [], "excluded_lines": []}}}}, "totals": {"covered_lines": 396, "num_statements": 526, "percent_covered": 75.2851711026616, "percent_covered_display": "75", "missing_lines": 130, "excluded_lines": 32}}